Assembler report for nes
Wed Jan 15 23:19:39 2025
Quartus Prime Version 17.0.2 Build 602 07/19/2017 SJ Standard Edition


---------------------
; Table of Contents ;
---------------------
  1. Legal Notice
  2. Assembler Summary
  3. Assembler Settings
  4. Assembler Generated Files
  5. Assembler Device Options: D:/FPGA/Neptuno2SPI7125/_NES_Reserve/NES/synth/mc2/out/nes.sof
  6. Assembler Device Options: D:/FPGA/Neptuno2SPI7125/_NES_Reserve/NES/synth/mc2/out/nes.rbf
  7. Assembler Messages



----------------
; Legal Notice ;
----------------
Copyright (C) 2017  Intel Corporation. All rights reserved.
Your use of Intel Corporation's design tools, logic functions 
and other software and tools, and its AMPP partner logic 
functions, and any output files from any of the foregoing 
(including device programming or simulation files), and any 
associated documentation or information are expressly subject 
to the terms and conditions of the Intel Program License 
Subscription Agreement, the Intel Quartus Prime License Agreement,
the Intel MegaCore Function License Agreement, or other 
applicable license agreement, including, without limitation, 
that your use is for the sole purpose of programming logic 
devices manufactured by Intel and sold by Intel or its 
authorized distributors.  Please refer to the applicable 
agreement for further details.



+---------------------------------------------------------------+
; Assembler Summary                                             ;
+-----------------------+---------------------------------------+
; Assembler Status      ; Successful - Wed Jan 15 23:19:39 2025 ;
; Revision Name         ; nes                                   ;
; Top-level Entity Name ; NES_mc2                               ;
; Family                ; Cyclone IV E                          ;
; Device                ; EP4CE22F17C8                          ;
+-----------------------+---------------------------------------+


+----------------------------------+
; Assembler Settings               ;
+--------+---------+---------------+
; Option ; Setting ; Default Value ;
+--------+---------+---------------+


+----------------------------------------------------------------+
; Assembler Generated Files                                      ;
+----------------------------------------------------------------+
; File Name                                                      ;
+----------------------------------------------------------------+
; D:/FPGA/Neptuno2SPI7125/_NES_Reserve/NES/synth/mc2/out/nes.sof ;
; D:/FPGA/Neptuno2SPI7125/_NES_Reserve/NES/synth/mc2/out/nes.rbf ;
+----------------------------------------------------------------+


+------------------------------------------------------------------------------------------+
; Assembler Device Options: D:/FPGA/Neptuno2SPI7125/_NES_Reserve/NES/synth/mc2/out/nes.sof ;
+----------------+-------------------------------------------------------------------------+
; Option         ; Setting                                                                 ;
+----------------+-------------------------------------------------------------------------+
; JTAG usercode  ; 0x00CF1141                                                              ;
; Checksum       ; 0x00CF1141                                                              ;
+----------------+-------------------------------------------------------------------------+


+------------------------------------------------------------------------------------------+
; Assembler Device Options: D:/FPGA/Neptuno2SPI7125/_NES_Reserve/NES/synth/mc2/out/nes.rbf ;
+---------------------+--------------------------------------------------------------------+
; Option              ; Setting                                                            ;
+---------------------+--------------------------------------------------------------------+
; Raw Binary File     ;                                                                    ;
;  Compression Ratio  ; 1                                                                  ;
+---------------------+--------------------------------------------------------------------+


+--------------------+
; Assembler Messages ;
+--------------------+
Info: *******************************************************************
Info: Running Quartus Prime Assembler
    Info: Version 17.0.2 Build 602 07/19/2017 SJ Standard Edition
    Info: Processing started: Wed Jan 15 23:19:36 2025
Info: Command: quartus_asm --read_settings_files=off --write_settings_files=off nes -c nes
Warning (18236): Number of processors has not been specified which may cause overloading on shared machines.  Set the global assignment NUM_PARALLEL_PROCESSORS in your QSF to an appropriate value for best performance.
Info (115031): Writing out detailed assembly data for power analysis
Info (115030): Assembler is generating device programming files
Info: Quartus Prime Assembler was successful. 0 errors, 1 warning
    Info: Peak virtual memory: 4739 megabytes
    Info: Processing ended: Wed Jan 15 23:19:40 2025
    Info: Elapsed time: 00:00:04
    Info: Total CPU time (on all processors): 00:00:03


